CRITICAL - 2021-12-29 00:12:02 --> Attempt to read property "id" on null
#0 C:\xampp\htdocs\ci_onlineshooping\app\Views\etalase\buy.php(7): CodeIgniter\Debug\Exceptions->errorHandler(2, 'Attempt to read...', 'C:\\xampp\\htdocs...', 7)
#1 C:\xampp\htdocs\ci_onlineshooping\vendor\codeigniter4\framework\system\View\View.php(214): include('C:\\xampp\\htdocs...')
#2 C:\xampp\htdocs\ci_onlineshooping\vendor\codeigniter4\framework\system\View\View.php(217): CodeIgniter\View\View->CodeIgniter\View\{closure}()
#3 C:\xampp\htdocs\ci_onlineshooping\vendor\codeigniter4\framework\system\Common.php(1097): CodeIgniter\View\View->render('etalase/buy', Array, true)
#4 C:\xampp\htdocs\ci_onlineshooping\app\Controllers\Etalase.php(68): view('etalase/buy', Array)
#5 C:\xampp\htdocs\ci_onlineshooping\vendor\codeigniter4\framework\system\CodeIgniter.php(824): App\Controllers\Etalase->buy()
#6 C:\xampp\htdocs\ci_onlineshooping\vendor\codeigniter4\framework\system\CodeIgniter.php(410): CodeIgniter\CodeIgniter->runController(Object(App\Controllers\Etalase))
#7 C:\xampp\htdocs\ci_onlineshooping\vendor\codeigniter4\framework\system\CodeIgniter.php(318): CodeIgniter\CodeIgniter->handleRequest(NULL, Object(Config\Cache), false)
#8 C:\xampp\htdocs\ci_onlineshooping\public\index.php(37): CodeIgniter\CodeIgniter->run()
#9 {main}
CRITICAL - 2021-12-29 00:15:21 --> Attempt to read property "id" on null
#0 C:\xampp\htdocs\ci_onlineshooping\app\Views\etalase\buy.php(7): CodeIgniter\Debug\Exceptions->errorHandler(2, 'Attempt to read...', 'C:\\xampp\\htdocs...', 7)
#1 C:\xampp\htdocs\ci_onlineshooping\vendor\codeigniter4\framework\system\View\View.php(214): include('C:\\xampp\\htdocs...')
#2 C:\xampp\htdocs\ci_onlineshooping\vendor\codeigniter4\framework\system\View\View.php(217): CodeIgniter\View\View->CodeIgniter\View\{closure}()
#3 C:\xampp\htdocs\ci_onlineshooping\vendor\codeigniter4\framework\system\Common.php(1097): CodeIgniter\View\View->render('etalase/buy', Array, true)
#4 C:\xampp\htdocs\ci_onlineshooping\app\Controllers\Etalase.php(68): view('etalase/buy', Array)
#5 C:\xampp\htdocs\ci_onlineshooping\vendor\codeigniter4\framework\system\CodeIgniter.php(824): App\Controllers\Etalase->buy()
#6 C:\xampp\htdocs\ci_onlineshooping\vendor\codeigniter4\framework\system\CodeIgniter.php(410): CodeIgniter\CodeIgniter->runController(Object(App\Controllers\Etalase))
#7 C:\xampp\htdocs\ci_onlineshooping\vendor\codeigniter4\framework\system\CodeIgniter.php(318): CodeIgniter\CodeIgniter->handleRequest(NULL, Object(Config\Cache), false)
#8 C:\xampp\htdocs\ci_onlineshooping\public\index.php(37): CodeIgniter\CodeIgniter->run()
#9 {main}
CRITICAL - 2021-12-29 00:27:21 --> Attempt to read property "id" on null
#0 C:\xampp\htdocs\ci_onlineshooping\app\Views\etalase\buy.php(7): CodeIgniter\Debug\Exceptions->errorHandler(2, 'Attempt to read...', 'C:\\xampp\\htdocs...', 7)
#1 C:\xampp\htdocs\ci_onlineshooping\vendor\codeigniter4\framework\system\View\View.php(214): include('C:\\xampp\\htdocs...')
#2 C:\xampp\htdocs\ci_onlineshooping\vendor\codeigniter4\framework\system\View\View.php(217): CodeIgniter\View\View->CodeIgniter\View\{closure}()
#3 C:\xampp\htdocs\ci_onlineshooping\vendor\codeigniter4\framework\system\Common.php(1097): CodeIgniter\View\View->render('etalase/buy', Array, true)
#4 C:\xampp\htdocs\ci_onlineshooping\app\Controllers\Etalase.php(68): view('etalase/buy', Array)
#5 C:\xampp\htdocs\ci_onlineshooping\vendor\codeigniter4\framework\system\CodeIgniter.php(824): App\Controllers\Etalase->buy()
#6 C:\xampp\htdocs\ci_onlineshooping\vendor\codeigniter4\framework\system\CodeIgniter.php(410): CodeIgniter\CodeIgniter->runController(Object(App\Controllers\Etalase))
#7 C:\xampp\htdocs\ci_onlineshooping\vendor\codeigniter4\framework\system\CodeIgniter.php(318): CodeIgniter\CodeIgniter->handleRequest(NULL, Object(Config\Cache), false)
#8 C:\xampp\htdocs\ci_onlineshooping\public\index.php(37): CodeIgniter\CodeIgniter->run()
#9 {main}
CRITICAL - 2021-12-29 01:21:44 --> Undefined variable $ongkir
#0 C:\xampp\htdocs\ci_onlineshooping\app\Views\etalase\buy.php(90): CodeIgniter\Debug\Exceptions->errorHandler(2, 'Undefined varia...', 'C:\\xampp\\htdocs...', 90)
#1 C:\xampp\htdocs\ci_onlineshooping\vendor\codeigniter4\framework\system\View\View.php(214): include('C:\\xampp\\htdocs...')
#2 C:\xampp\htdocs\ci_onlineshooping\vendor\codeigniter4\framework\system\View\View.php(217): CodeIgniter\View\View->CodeIgniter\View\{closure}()
#3 C:\xampp\htdocs\ci_onlineshooping\vendor\codeigniter4\framework\system\Common.php(1097): CodeIgniter\View\View->render('etalase/buy', Array, true)
#4 C:\xampp\htdocs\ci_onlineshooping\app\Controllers\Etalase.php(74): view('etalase/buy', Array)
#5 C:\xampp\htdocs\ci_onlineshooping\vendor\codeigniter4\framework\system\CodeIgniter.php(824): App\Controllers\Etalase->buy('5')
#6 C:\xampp\htdocs\ci_onlineshooping\vendor\codeigniter4\framework\system\CodeIgniter.php(410): CodeIgniter\CodeIgniter->runController(Object(App\Controllers\Etalase))
#7 C:\xampp\htdocs\ci_onlineshooping\vendor\codeigniter4\framework\system\CodeIgniter.php(318): CodeIgniter\CodeIgniter->handleRequest(NULL, Object(Config\Cache), false)
#8 C:\xampp\htdocs\ci_onlineshooping\public\index.php(37): CodeIgniter\CodeIgniter->run()
#9 {main}
CRITICAL - 2021-12-29 01:22:15 --> Undefined variable $ongkir
#0 C:\xampp\htdocs\ci_onlineshooping\app\Views\etalase\buy.php(90): CodeIgniter\Debug\Exceptions->errorHandler(2, 'Undefined varia...', 'C:\\xampp\\htdocs...', 90)
#1 C:\xampp\htdocs\ci_onlineshooping\vendor\codeigniter4\framework\system\View\View.php(214): include('C:\\xampp\\htdocs...')
#2 C:\xampp\htdocs\ci_onlineshooping\vendor\codeigniter4\framework\system\View\View.php(217): CodeIgniter\View\View->CodeIgniter\View\{closure}()
#3 C:\xampp\htdocs\ci_onlineshooping\vendor\codeigniter4\framework\system\Common.php(1097): CodeIgniter\View\View->render('etalase/buy', Array, true)
#4 C:\xampp\htdocs\ci_onlineshooping\app\Controllers\Etalase.php(74): view('etalase/buy', Array)
#5 C:\xampp\htdocs\ci_onlineshooping\vendor\codeigniter4\framework\system\CodeIgniter.php(824): App\Controllers\Etalase->buy('5')
#6 C:\xampp\htdocs\ci_onlineshooping\vendor\codeigniter4\framework\system\CodeIgniter.php(410): CodeIgniter\CodeIgniter->runController(Object(App\Controllers\Etalase))
#7 C:\xampp\htdocs\ci_onlineshooping\vendor\codeigniter4\framework\system\CodeIgniter.php(318): CodeIgniter\CodeIgniter->handleRequest(NULL, Object(Config\Cache), false)
#8 C:\xampp\htdocs\ci_onlineshooping\public\index.php(37): CodeIgniter\CodeIgniter->run()
#9 {main}
CRITICAL - 2021-12-29 01:46:31 --> Attempt to read property "id" on null
#0 C:\xampp\htdocs\ci_onlineshooping\app\Views\etalase\buy.php(7): CodeIgniter\Debug\Exceptions->errorHandler(2, 'Attempt to read...', 'C:\\xampp\\htdocs...', 7)
#1 C:\xampp\htdocs\ci_onlineshooping\vendor\codeigniter4\framework\system\View\View.php(214): include('C:\\xampp\\htdocs...')
#2 C:\xampp\htdocs\ci_onlineshooping\vendor\codeigniter4\framework\system\View\View.php(217): CodeIgniter\View\View->CodeIgniter\View\{closure}()
#3 C:\xampp\htdocs\ci_onlineshooping\vendor\codeigniter4\framework\system\Common.php(1097): CodeIgniter\View\View->render('etalase/buy', Array, true)
#4 C:\xampp\htdocs\ci_onlineshooping\app\Controllers\Etalase.php(74): view('etalase/buy', Array)
#5 C:\xampp\htdocs\ci_onlineshooping\vendor\codeigniter4\framework\system\CodeIgniter.php(824): App\Controllers\Etalase->buy()
#6 C:\xampp\htdocs\ci_onlineshooping\vendor\codeigniter4\framework\system\CodeIgniter.php(410): CodeIgniter\CodeIgniter->runController(Object(App\Controllers\Etalase))
#7 C:\xampp\htdocs\ci_onlineshooping\vendor\codeigniter4\framework\system\CodeIgniter.php(318): CodeIgniter\CodeIgniter->handleRequest(NULL, Object(Config\Cache), false)
#8 C:\xampp\htdocs\ci_onlineshooping\public\index.php(37): CodeIgniter\CodeIgniter->run()
#9 {main}
CRITICAL - 2021-12-29 02:00:35 --> Attempt to read property "id" on null
#0 C:\xampp\htdocs\ci_onlineshooping\app\Views\etalase\buy.php(7): CodeIgniter\Debug\Exceptions->errorHandler(2, 'Attempt to read...', 'C:\\xampp\\htdocs...', 7)
#1 C:\xampp\htdocs\ci_onlineshooping\vendor\codeigniter4\framework\system\View\View.php(214): include('C:\\xampp\\htdocs...')
#2 C:\xampp\htdocs\ci_onlineshooping\vendor\codeigniter4\framework\system\View\View.php(217): CodeIgniter\View\View->CodeIgniter\View\{closure}()
#3 C:\xampp\htdocs\ci_onlineshooping\vendor\codeigniter4\framework\system\Common.php(1097): CodeIgniter\View\View->render('etalase/buy', Array, true)
#4 C:\xampp\htdocs\ci_onlineshooping\app\Controllers\Etalase.php(74): view('etalase/buy', Array)
#5 C:\xampp\htdocs\ci_onlineshooping\vendor\codeigniter4\framework\system\CodeIgniter.php(824): App\Controllers\Etalase->buy()
#6 C:\xampp\htdocs\ci_onlineshooping\vendor\codeigniter4\framework\system\CodeIgniter.php(410): CodeIgniter\CodeIgniter->runController(Object(App\Controllers\Etalase))
#7 C:\xampp\htdocs\ci_onlineshooping\vendor\codeigniter4\framework\system\CodeIgniter.php(318): CodeIgniter\CodeIgniter->handleRequest(NULL, Object(Config\Cache), false)
#8 C:\xampp\htdocs\ci_onlineshooping\public\index.php(37): CodeIgniter\CodeIgniter->run()
#9 {main}
CRITICAL - 2021-12-29 02:26:32 --> Class "App\Entities\TransactionModel" not found
#0 C:\xampp\htdocs\ci_onlineshooping\vendor\codeigniter4\framework\system\CodeIgniter.php(824): App\Controllers\Etalase->buy()
#1 C:\xampp\htdocs\ci_onlineshooping\vendor\codeigniter4\framework\system\CodeIgniter.php(410): CodeIgniter\CodeIgniter->runController(Object(App\Controllers\Etalase))
#2 C:\xampp\htdocs\ci_onlineshooping\vendor\codeigniter4\framework\system\CodeIgniter.php(318): CodeIgniter\CodeIgniter->handleRequest(NULL, Object(Config\Cache), false)
#3 C:\xampp\htdocs\ci_onlineshooping\public\index.php(37): CodeIgniter\CodeIgniter->run()
#4 {main}
CRITICAL - 2021-12-29 02:26:54 --> Attempt to read property "id" on null
#0 C:\xampp\htdocs\ci_onlineshooping\app\Views\etalase\buy.php(7): CodeIgniter\Debug\Exceptions->errorHandler(2, 'Attempt to read...', 'C:\\xampp\\htdocs...', 7)
#1 C:\xampp\htdocs\ci_onlineshooping\vendor\codeigniter4\framework\system\View\View.php(214): include('C:\\xampp\\htdocs...')
#2 C:\xampp\htdocs\ci_onlineshooping\vendor\codeigniter4\framework\system\View\View.php(217): CodeIgniter\View\View->CodeIgniter\View\{closure}()
#3 C:\xampp\htdocs\ci_onlineshooping\vendor\codeigniter4\framework\system\Common.php(1097): CodeIgniter\View\View->render('etalase/buy', Array, true)
#4 C:\xampp\htdocs\ci_onlineshooping\app\Controllers\Etalase.php(66): view('etalase/buy', Array)
#5 C:\xampp\htdocs\ci_onlineshooping\vendor\codeigniter4\framework\system\CodeIgniter.php(824): App\Controllers\Etalase->buy()
#6 C:\xampp\htdocs\ci_onlineshooping\vendor\codeigniter4\framework\system\CodeIgniter.php(410): CodeIgniter\CodeIgniter->runController(Object(App\Controllers\Etalase))
#7 C:\xampp\htdocs\ci_onlineshooping\vendor\codeigniter4\framework\system\CodeIgniter.php(318): CodeIgniter\CodeIgniter->handleRequest(NULL, Object(Config\Cache), false)
#8 C:\xampp\htdocs\ci_onlineshooping\public\index.php(37): CodeIgniter\CodeIgniter->run()
#9 {main}
CRITICAL - 2021-12-29 02:31:01 --> Attempt to read property "id" on null
#0 C:\xampp\htdocs\ci_onlineshooping\app\Views\etalase\buy.php(7): CodeIgniter\Debug\Exceptions->errorHandler(2, 'Attempt to read...', 'C:\\xampp\\htdocs...', 7)
#1 C:\xampp\htdocs\ci_onlineshooping\vendor\codeigniter4\framework\system\View\View.php(214): include('C:\\xampp\\htdocs...')
#2 C:\xampp\htdocs\ci_onlineshooping\vendor\codeigniter4\framework\system\View\View.php(217): CodeIgniter\View\View->CodeIgniter\View\{closure}()
#3 C:\xampp\htdocs\ci_onlineshooping\vendor\codeigniter4\framework\system\Common.php(1097): CodeIgniter\View\View->render('etalase/buy', Array, true)
#4 C:\xampp\htdocs\ci_onlineshooping\app\Controllers\Etalase.php(66): view('etalase/buy', Array)
#5 C:\xampp\htdocs\ci_onlineshooping\vendor\codeigniter4\framework\system\CodeIgniter.php(824): App\Controllers\Etalase->buy()
#6 C:\xampp\htdocs\ci_onlineshooping\vendor\codeigniter4\framework\system\CodeIgniter.php(410): CodeIgniter\CodeIgniter->runController(Object(App\Controllers\Etalase))
#7 C:\xampp\htdocs\ci_onlineshooping\vendor\codeigniter4\framework\system\CodeIgniter.php(318): CodeIgniter\CodeIgniter->handleRequest(NULL, Object(Config\Cache), false)
#8 C:\xampp\htdocs\ci_onlineshooping\public\index.php(37): CodeIgniter\CodeIgniter->run()
#9 {main}
CRITICAL - 2021-12-29 02:31:20 --> Attempt to read property "stock" on null
#0 C:\xampp\htdocs\ci_onlineshooping\app\Views\etalase\buy.php(24): CodeIgniter\Debug\Exceptions->errorHandler(2, 'Attempt to read...', 'C:\\xampp\\htdocs...', 24)
#1 C:\xampp\htdocs\ci_onlineshooping\vendor\codeigniter4\framework\system\View\View.php(214): include('C:\\xampp\\htdocs...')
#2 C:\xampp\htdocs\ci_onlineshooping\vendor\codeigniter4\framework\system\View\View.php(217): CodeIgniter\View\View->CodeIgniter\View\{closure}()
#3 C:\xampp\htdocs\ci_onlineshooping\vendor\codeigniter4\framework\system\Common.php(1097): CodeIgniter\View\View->render('etalase/buy', Array, true)
#4 C:\xampp\htdocs\ci_onlineshooping\app\Controllers\Etalase.php(66): view('etalase/buy', Array)
#5 C:\xampp\htdocs\ci_onlineshooping\vendor\codeigniter4\framework\system\CodeIgniter.php(824): App\Controllers\Etalase->buy()
#6 C:\xampp\htdocs\ci_onlineshooping\vendor\codeigniter4\framework\system\CodeIgniter.php(410): CodeIgniter\CodeIgniter->runController(Object(App\Controllers\Etalase))
#7 C:\xampp\htdocs\ci_onlineshooping\vendor\codeigniter4\framework\system\CodeIgniter.php(318): CodeIgniter\CodeIgniter->handleRequest(NULL, Object(Config\Cache), false)
#8 C:\xampp\htdocs\ci_onlineshooping\public\index.php(37): CodeIgniter\CodeIgniter->run()
#9 {main}
CRITICAL - 2021-12-29 02:48:20 --> Invalid file: items/index.php
#0 C:\xampp\htdocs\ci_onlineshooping\vendor\codeigniter4\framework\system\View\View.php(198): CodeIgniter\Exceptions\FrameworkException::forInvalidFile('items/index.php')
#1 C:\xampp\htdocs\ci_onlineshooping\vendor\codeigniter4\framework\system\Common.php(1097): CodeIgniter\View\View->render('items/index', Array, true)
#2 C:\xampp\htdocs\ci_onlineshooping\app\Controllers\Items.php(19): view('items/index', Array)
#3 C:\xampp\htdocs\ci_onlineshooping\vendor\codeigniter4\framework\system\CodeIgniter.php(824): App\Controllers\Items->index()
#4 C:\xampp\htdocs\ci_onlineshooping\vendor\codeigniter4\framework\system\CodeIgniter.php(410): CodeIgniter\CodeIgniter->runController(Object(App\Controllers\Items))
#5 C:\xampp\htdocs\ci_onlineshooping\vendor\codeigniter4\framework\system\CodeIgniter.php(318): CodeIgniter\CodeIgniter->handleRequest(NULL, Object(Config\Cache), false)
#6 C:\xampp\htdocs\ci_onlineshooping\public\index.php(37): CodeIgniter\CodeIgniter->run()
#7 {main}
CRITICAL - 2021-12-29 02:48:32 --> Invalid file: items/create.php
#0 C:\xampp\htdocs\ci_onlineshooping\vendor\codeigniter4\framework\system\View\View.php(198): CodeIgniter\Exceptions\FrameworkException::forInvalidFile('items/create.ph...')
#1 C:\xampp\htdocs\ci_onlineshooping\vendor\codeigniter4\framework\system\Common.php(1097): CodeIgniter\View\View->render('items/create', Array, true)
#2 C:\xampp\htdocs\ci_onlineshooping\app\Controllers\Items.php(67): view('items/create')
#3 C:\xampp\htdocs\ci_onlineshooping\vendor\codeigniter4\framework\system\CodeIgniter.php(824): App\Controllers\Items->create()
#4 C:\xampp\htdocs\ci_onlineshooping\vendor\codeigniter4\framework\system\CodeIgniter.php(410): CodeIgniter\CodeIgniter->runController(Object(App\Controllers\Items))
#5 C:\xampp\htdocs\ci_onlineshooping\vendor\codeigniter4\framework\system\CodeIgniter.php(318): CodeIgniter\CodeIgniter->handleRequest(NULL, Object(Config\Cache), false)
#6 C:\xampp\htdocs\ci_onlineshooping\public\index.php(37): CodeIgniter\CodeIgniter->run()
#7 {main}
CRITICAL - 2021-12-29 02:49:30 --> Invalid file: items/index.php
#0 C:\xampp\htdocs\ci_onlineshooping\vendor\codeigniter4\framework\system\View\View.php(198): CodeIgniter\Exceptions\FrameworkException::forInvalidFile('items/index.php')
#1 C:\xampp\htdocs\ci_onlineshooping\vendor\codeigniter4\framework\system\Common.php(1097): CodeIgniter\View\View->render('items/index', Array, true)
#2 C:\xampp\htdocs\ci_onlineshooping\app\Controllers\Items.php(19): view('items/index', Array)
#3 C:\xampp\htdocs\ci_onlineshooping\vendor\codeigniter4\framework\system\CodeIgniter.php(824): App\Controllers\Items->index()
#4 C:\xampp\htdocs\ci_onlineshooping\vendor\codeigniter4\framework\system\CodeIgniter.php(410): CodeIgniter\CodeIgniter->runController(Object(App\Controllers\Items))
#5 C:\xampp\htdocs\ci_onlineshooping\vendor\codeigniter4\framework\system\CodeIgniter.php(318): CodeIgniter\CodeIgniter->handleRequest(NULL, Object(Config\Cache), false)
#6 C:\xampp\htdocs\ci_onlineshooping\public\index.php(37): CodeIgniter\CodeIgniter->run()
#7 {main}
CRITICAL - 2021-12-29 02:50:27 --> Invalid file: items/index.php
#0 C:\xampp\htdocs\ci_onlineshooping\vendor\codeigniter4\framework\system\View\View.php(198): CodeIgniter\Exceptions\FrameworkException::forInvalidFile('items/index.php')
#1 C:\xampp\htdocs\ci_onlineshooping\vendor\codeigniter4\framework\system\Common.php(1097): CodeIgniter\View\View->render('items/index', Array, true)
#2 C:\xampp\htdocs\ci_onlineshooping\app\Controllers\Items.php(19): view('items/index', Array)
#3 C:\xampp\htdocs\ci_onlineshooping\vendor\codeigniter4\framework\system\CodeIgniter.php(824): App\Controllers\Items->index()
#4 C:\xampp\htdocs\ci_onlineshooping\vendor\codeigniter4\framework\system\CodeIgniter.php(410): CodeIgniter\CodeIgniter->runController(Object(App\Controllers\Items))
#5 C:\xampp\htdocs\ci_onlineshooping\vendor\codeigniter4\framework\system\CodeIgniter.php(318): CodeIgniter\CodeIgniter->handleRequest(NULL, Object(Config\Cache), false)
#6 C:\xampp\htdocs\ci_onlineshooping\public\index.php(37): CodeIgniter\CodeIgniter->run()
#7 {main}
CRITICAL - 2021-12-29 02:50:30 --> Invalid file: items/index.php
#0 C:\xampp\htdocs\ci_onlineshooping\vendor\codeigniter4\framework\system\View\View.php(198): CodeIgniter\Exceptions\FrameworkException::forInvalidFile('items/index.php')
#1 C:\xampp\htdocs\ci_onlineshooping\vendor\codeigniter4\framework\system\Common.php(1097): CodeIgniter\View\View->render('items/index', Array, true)
#2 C:\xampp\htdocs\ci_onlineshooping\app\Controllers\Items.php(19): view('items/index', Array)
#3 C:\xampp\htdocs\ci_onlineshooping\vendor\codeigniter4\framework\system\CodeIgniter.php(824): App\Controllers\Items->index()
#4 C:\xampp\htdocs\ci_onlineshooping\vendor\codeigniter4\framework\system\CodeIgniter.php(410): CodeIgniter\CodeIgniter->runController(Object(App\Controllers\Items))
#5 C:\xampp\htdocs\ci_onlineshooping\vendor\codeigniter4\framework\system\CodeIgniter.php(318): CodeIgniter\CodeIgniter->handleRequest(NULL, Object(Config\Cache), false)
#6 C:\xampp\htdocs\ci_onlineshooping\public\index.php(37): CodeIgniter\CodeIgniter->run()
#7 {main}
CRITICAL - 2021-12-29 02:50:33 --> Invalid file: items/create.php
#0 C:\xampp\htdocs\ci_onlineshooping\vendor\codeigniter4\framework\system\View\View.php(198): CodeIgniter\Exceptions\FrameworkException::forInvalidFile('items/create.ph...')
#1 C:\xampp\htdocs\ci_onlineshooping\vendor\codeigniter4\framework\system\Common.php(1097): CodeIgniter\View\View->render('items/create', Array, true)
#2 C:\xampp\htdocs\ci_onlineshooping\app\Controllers\Items.php(67): view('items/create')
#3 C:\xampp\htdocs\ci_onlineshooping\vendor\codeigniter4\framework\system\CodeIgniter.php(824): App\Controllers\Items->create()
#4 C:\xampp\htdocs\ci_onlineshooping\vendor\codeigniter4\framework\system\CodeIgniter.php(410): CodeIgniter\CodeIgniter->runController(Object(App\Controllers\Items))
#5 C:\xampp\htdocs\ci_onlineshooping\vendor\codeigniter4\framework\system\CodeIgniter.php(318): CodeIgniter\CodeIgniter->handleRequest(NULL, Object(Config\Cache), false)
#6 C:\xampp\htdocs\ci_onlineshooping\public\index.php(37): CodeIgniter\CodeIgniter->run()
#7 {main}
CRITICAL - 2021-12-29 02:51:09 --> Invalid file: items/index.php
#0 C:\xampp\htdocs\ci_onlineshooping\vendor\codeigniter4\framework\system\View\View.php(198): CodeIgniter\Exceptions\FrameworkException::forInvalidFile('items/index.php')
#1 C:\xampp\htdocs\ci_onlineshooping\vendor\codeigniter4\framework\system\Common.php(1097): CodeIgniter\View\View->render('items/index', Array, true)
#2 C:\xampp\htdocs\ci_onlineshooping\app\Controllers\Items.php(19): view('items/index', Array)
#3 C:\xampp\htdocs\ci_onlineshooping\vendor\codeigniter4\framework\system\CodeIgniter.php(824): App\Controllers\Items->index()
#4 C:\xampp\htdocs\ci_onlineshooping\vendor\codeigniter4\framework\system\CodeIgniter.php(410): CodeIgniter\CodeIgniter->runController(Object(App\Controllers\Items))
#5 C:\xampp\htdocs\ci_onlineshooping\vendor\codeigniter4\framework\system\CodeIgniter.php(318): CodeIgniter\CodeIgniter->handleRequest(NULL, Object(Config\Cache), false)
#6 C:\xampp\htdocs\ci_onlineshooping\public\index.php(37): CodeIgniter\CodeIgniter->run()
#7 {main}
CRITICAL - 2021-12-29 02:53:04 --> Invalid file: items/create.php
#0 C:\xampp\htdocs\ci_onlineshooping\vendor\codeigniter4\framework\system\View\View.php(198): CodeIgniter\Exceptions\FrameworkException::forInvalidFile('items/create.ph...')
#1 C:\xampp\htdocs\ci_onlineshooping\vendor\codeigniter4\framework\system\Common.php(1097): CodeIgniter\View\View->render('items/create', Array, true)
#2 C:\xampp\htdocs\ci_onlineshooping\app\Controllers\Items.php(67): view('items/create')
#3 C:\xampp\htdocs\ci_onlineshooping\vendor\codeigniter4\framework\system\CodeIgniter.php(824): App\Controllers\Items->create()
#4 C:\xampp\htdocs\ci_onlineshooping\vendor\codeigniter4\framework\system\CodeIgniter.php(410): CodeIgniter\CodeIgniter->runController(Object(App\Controllers\Items))
#5 C:\xampp\htdocs\ci_onlineshooping\vendor\codeigniter4\framework\system\CodeIgniter.php(318): CodeIgniter\CodeIgniter->handleRequest(NULL, Object(Config\Cache), false)
#6 C:\xampp\htdocs\ci_onlineshooping\public\index.php(37): CodeIgniter\CodeIgniter->run()
#7 {main}
CRITICAL - 2021-12-29 02:54:36 --> Attempt to read property "id" on null
#0 C:\xampp\htdocs\ci_onlineshooping\app\Views\etalase\buy.php(7): CodeIgniter\Debug\Exceptions->errorHandler(2, 'Attempt to read...', 'C:\\xampp\\htdocs...', 7)
#1 C:\xampp\htdocs\ci_onlineshooping\vendor\codeigniter4\framework\system\View\View.php(214): include('C:\\xampp\\htdocs...')
#2 C:\xampp\htdocs\ci_onlineshooping\vendor\codeigniter4\framework\system\View\View.php(217): CodeIgniter\View\View->CodeIgniter\View\{closure}()
#3 C:\xampp\htdocs\ci_onlineshooping\vendor\codeigniter4\framework\system\Common.php(1097): CodeIgniter\View\View->render('etalase/buy', Array, true)
#4 C:\xampp\htdocs\ci_onlineshooping\app\Controllers\Etalase.php(66): view('etalase/buy', Array)
#5 C:\xampp\htdocs\ci_onlineshooping\vendor\codeigniter4\framework\system\CodeIgniter.php(824): App\Controllers\Etalase->buy()
#6 C:\xampp\htdocs\ci_onlineshooping\vendor\codeigniter4\framework\system\CodeIgniter.php(410): CodeIgniter\CodeIgniter->runController(Object(App\Controllers\Etalase))
#7 C:\xampp\htdocs\ci_onlineshooping\vendor\codeigniter4\framework\system\CodeIgniter.php(318): CodeIgniter\CodeIgniter->handleRequest(NULL, Object(Config\Cache), false)
#8 C:\xampp\htdocs\ci_onlineshooping\public\index.php(37): CodeIgniter\CodeIgniter->run()
#9 {main}
CRITICAL - 2021-12-29 03:14:19 --> number_format(): Argument #2 ($decimals) must be of type int, string given
#0 C:\xampp\htdocs\ci_onlineshooping\app\Views\items\index.php(21): number_format('10000', ',', '.')
#1 C:\xampp\htdocs\ci_onlineshooping\vendor\codeigniter4\framework\system\View\View.php(214): include('C:\\xampp\\htdocs...')
#2 C:\xampp\htdocs\ci_onlineshooping\vendor\codeigniter4\framework\system\View\View.php(217): CodeIgniter\View\View->CodeIgniter\View\{closure}()
#3 C:\xampp\htdocs\ci_onlineshooping\vendor\codeigniter4\framework\system\Common.php(1097): CodeIgniter\View\View->render('items/index', Array, true)
#4 C:\xampp\htdocs\ci_onlineshooping\app\Controllers\Items.php(19): view('items/index', Array)
#5 C:\xampp\htdocs\ci_onlineshooping\vendor\codeigniter4\framework\system\CodeIgniter.php(824): App\Controllers\Items->index()
#6 C:\xampp\htdocs\ci_onlineshooping\vendor\codeigniter4\framework\system\CodeIgniter.php(410): CodeIgniter\CodeIgniter->runController(Object(App\Controllers\Items))
#7 C:\xampp\htdocs\ci_onlineshooping\vendor\codeigniter4\framework\system\CodeIgniter.php(318): CodeIgniter\CodeIgniter->handleRequest(NULL, Object(Config\Cache), false)
#8 C:\xampp\htdocs\ci_onlineshooping\public\index.php(37): CodeIgniter\CodeIgniter->run()
#9 {main}
CRITICAL - 2021-12-29 03:24:48 --> Undefined variable $itemss
#0 C:\xampp\htdocs\ci_onlineshooping\app\Views\items\index.php(14): CodeIgniter\Debug\Exceptions->errorHandler(2, 'Undefined varia...', 'C:\\xampp\\htdocs...', 14)
#1 C:\xampp\htdocs\ci_onlineshooping\vendor\codeigniter4\framework\system\View\View.php(214): include('C:\\xampp\\htdocs...')
#2 C:\xampp\htdocs\ci_onlineshooping\vendor\codeigniter4\framework\system\View\View.php(217): CodeIgniter\View\View->CodeIgniter\View\{closure}()
#3 C:\xampp\htdocs\ci_onlineshooping\vendor\codeigniter4\framework\system\View\View.php(432): CodeIgniter\View\View->render('items/index', NULL, true)
#4 C:\xampp\htdocs\ci_onlineshooping\app\Views\layout.php(57): CodeIgniter\View\View->include('items/index')
#5 C:\xampp\htdocs\ci_onlineshooping\vendor\codeigniter4\framework\system\View\View.php(214): include('C:\\xampp\\htdocs...')
#6 C:\xampp\htdocs\ci_onlineshooping\vendor\codeigniter4\framework\system\View\View.php(217): CodeIgniter\View\View->CodeIgniter\View\{closure}()
#7 C:\xampp\htdocs\ci_onlineshooping\vendor\codeigniter4\framework\system\View\View.php(230): CodeIgniter\View\View->render('layout', Array, true)
#8 C:\xampp\htdocs\ci_onlineshooping\vendor\codeigniter4\framework\system\Common.php(1097): CodeIgniter\View\View->render('hello/world', Array, true)
#9 C:\xampp\htdocs\ci_onlineshooping\app\Controllers\Home.php(9): view('hello/world', Array)
#10 C:\xampp\htdocs\ci_onlineshooping\vendor\codeigniter4\framework\system\CodeIgniter.php(824): App\Controllers\Home->index()
#11 C:\xampp\htdocs\ci_onlineshooping\vendor\codeigniter4\framework\system\CodeIgniter.php(410): CodeIgniter\CodeIgniter->runController(Object(App\Controllers\Home))
#12 C:\xampp\htdocs\ci_onlineshooping\vendor\codeigniter4\framework\system\CodeIgniter.php(318): CodeIgniter\CodeIgniter->handleRequest(NULL, Object(Config\Cache), false)
#13 C:\xampp\htdocs\ci_onlineshooping\public\index.php(37): CodeIgniter\CodeIgniter->run()
#14 {main}
CRITICAL - 2021-12-29 03:25:55 --> Invalid file: index.php
#0 C:\xampp\htdocs\ci_onlineshooping\vendor\codeigniter4\framework\system\View\View.php(198): CodeIgniter\Exceptions\FrameworkException::forInvalidFile('index.php')
#1 C:\xampp\htdocs\ci_onlineshooping\vendor\codeigniter4\framework\system\View\View.php(432): CodeIgniter\View\View->render('index', NULL, true)
#2 C:\xampp\htdocs\ci_onlineshooping\app\Views\layout.php(57): CodeIgniter\View\View->include('index')
#3 C:\xampp\htdocs\ci_onlineshooping\vendor\codeigniter4\framework\system\View\View.php(214): include('C:\\xampp\\htdocs...')
#4 C:\xampp\htdocs\ci_onlineshooping\vendor\codeigniter4\framework\system\View\View.php(217): CodeIgniter\View\View->CodeIgniter\View\{closure}()
#5 C:\xampp\htdocs\ci_onlineshooping\vendor\codeigniter4\framework\system\View\View.php(230): CodeIgniter\View\View->render('layout', Array, true)
#6 C:\xampp\htdocs\ci_onlineshooping\vendor\codeigniter4\framework\system\Common.php(1097): CodeIgniter\View\View->render('hello/world', Array, true)
#7 C:\xampp\htdocs\ci_onlineshooping\app\Controllers\Home.php(9): view('hello/world', Array)
#8 C:\xampp\htdocs\ci_onlineshooping\vendor\codeigniter4\framework\system\CodeIgniter.php(824): App\Controllers\Home->index()
#9 C:\xampp\htdocs\ci_onlineshooping\vendor\codeigniter4\framework\system\CodeIgniter.php(410): CodeIgniter\CodeIgniter->runController(Object(App\Controllers\Home))
#10 C:\xampp\htdocs\ci_onlineshooping\vendor\codeigniter4\framework\system\CodeIgniter.php(318): CodeIgniter\CodeIgniter->handleRequest(NULL, Object(Config\Cache), false)
#11 C:\xampp\htdocs\ci_onlineshooping\public\index.php(37): CodeIgniter\CodeIgniter->run()
#12 {main}
CRITICAL - 2021-12-29 03:26:13 --> Invalid file: items/index/.php
#0 C:\xampp\htdocs\ci_onlineshooping\vendor\codeigniter4\framework\system\View\View.php(198): CodeIgniter\Exceptions\FrameworkException::forInvalidFile('items/index/.ph...')
#1 C:\xampp\htdocs\ci_onlineshooping\vendor\codeigniter4\framework\system\View\View.php(432): CodeIgniter\View\View->render('items/index/', NULL, true)
#2 C:\xampp\htdocs\ci_onlineshooping\app\Views\layout.php(57): CodeIgniter\View\View->include('items/index/')
#3 C:\xampp\htdocs\ci_onlineshooping\vendor\codeigniter4\framework\system\View\View.php(214): include('C:\\xampp\\htdocs...')
#4 C:\xampp\htdocs\ci_onlineshooping\vendor\codeigniter4\framework\system\View\View.php(217): CodeIgniter\View\View->CodeIgniter\View\{closure}()
#5 C:\xampp\htdocs\ci_onlineshooping\vendor\codeigniter4\framework\system\View\View.php(230): CodeIgniter\View\View->render('layout', Array, true)
#6 C:\xampp\htdocs\ci_onlineshooping\vendor\codeigniter4\framework\system\Common.php(1097): CodeIgniter\View\View->render('hello/world', Array, true)
#7 C:\xampp\htdocs\ci_onlineshooping\app\Controllers\Home.php(9): view('hello/world', Array)
#8 C:\xampp\htdocs\ci_onlineshooping\vendor\codeigniter4\framework\system\CodeIgniter.php(824): App\Controllers\Home->index()
#9 C:\xampp\htdocs\ci_onlineshooping\vendor\codeigniter4\framework\system\CodeIgniter.php(410): CodeIgniter\CodeIgniter->runController(Object(App\Controllers\Home))
#10 C:\xampp\htdocs\ci_onlineshooping\vendor\codeigniter4\framework\system\CodeIgniter.php(318): CodeIgniter\CodeIgniter->handleRequest(NULL, Object(Config\Cache), false)
#11 C:\xampp\htdocs\ci_onlineshooping\public\index.php(37): CodeIgniter\CodeIgniter->run()
#12 {main}
CRITICAL - 2021-12-29 03:26:14 --> Invalid file: items/index/.php
#0 C:\xampp\htdocs\ci_onlineshooping\vendor\codeigniter4\framework\system\View\View.php(198): CodeIgniter\Exceptions\FrameworkException::forInvalidFile('items/index/.ph...')
#1 C:\xampp\htdocs\ci_onlineshooping\vendor\codeigniter4\framework\system\View\View.php(432): CodeIgniter\View\View->render('items/index/', NULL, true)
#2 C:\xampp\htdocs\ci_onlineshooping\app\Views\layout.php(57): CodeIgniter\View\View->include('items/index/')
#3 C:\xampp\htdocs\ci_onlineshooping\vendor\codeigniter4\framework\system\View\View.php(214): include('C:\\xampp\\htdocs...')
#4 C:\xampp\htdocs\ci_onlineshooping\vendor\codeigniter4\framework\system\View\View.php(217): CodeIgniter\View\View->CodeIgniter\View\{closure}()
#5 C:\xampp\htdocs\ci_onlineshooping\vendor\codeigniter4\framework\system\View\View.php(230): CodeIgniter\View\View->render('layout', Array, true)
#6 C:\xampp\htdocs\ci_onlineshooping\vendor\codeigniter4\framework\system\Common.php(1097): CodeIgniter\View\View->render('hello/world', Array, true)
#7 C:\xampp\htdocs\ci_onlineshooping\app\Controllers\Home.php(9): view('hello/world', Array)
#8 C:\xampp\htdocs\ci_onlineshooping\vendor\codeigniter4\framework\system\CodeIgniter.php(824): App\Controllers\Home->index()
#9 C:\xampp\htdocs\ci_onlineshooping\vendor\codeigniter4\framework\system\CodeIgniter.php(410): CodeIgniter\CodeIgniter->runController(Object(App\Controllers\Home))
#10 C:\xampp\htdocs\ci_onlineshooping\vendor\codeigniter4\framework\system\CodeIgniter.php(318): CodeIgniter\CodeIgniter->handleRequest(NULL, Object(Config\Cache), false)
#11 C:\xampp\htdocs\ci_onlineshooping\public\index.php(37): CodeIgniter\CodeIgniter->run()
#12 {main}
CRITICAL - 2021-12-29 03:26:15 --> Invalid file: items/index/.php
#0 C:\xampp\htdocs\ci_onlineshooping\vendor\codeigniter4\framework\system\View\View.php(198): CodeIgniter\Exceptions\FrameworkException::forInvalidFile('items/index/.ph...')
#1 C:\xampp\htdocs\ci_onlineshooping\vendor\codeigniter4\framework\system\View\View.php(432): CodeIgniter\View\View->render('items/index/', NULL, true)
#2 C:\xampp\htdocs\ci_onlineshooping\app\Views\layout.php(57): CodeIgniter\View\View->include('items/index/')
#3 C:\xampp\htdocs\ci_onlineshooping\vendor\codeigniter4\framework\system\View\View.php(214): include('C:\\xampp\\htdocs...')
#4 C:\xampp\htdocs\ci_onlineshooping\vendor\codeigniter4\framework\system\View\View.php(217): CodeIgniter\View\View->CodeIgniter\View\{closure}()
#5 C:\xampp\htdocs\ci_onlineshooping\vendor\codeigniter4\framework\system\View\View.php(230): CodeIgniter\View\View->render('layout', Array, true)
#6 C:\xampp\htdocs\ci_onlineshooping\vendor\codeigniter4\framework\system\Common.php(1097): CodeIgniter\View\View->render('items/index', Array, true)
#7 C:\xampp\htdocs\ci_onlineshooping\app\Controllers\Items.php(19): view('items/index', Array)
#8 C:\xampp\htdocs\ci_onlineshooping\vendor\codeigniter4\framework\system\CodeIgniter.php(824): App\Controllers\Items->index()
#9 C:\xampp\htdocs\ci_onlineshooping\vendor\codeigniter4\framework\system\CodeIgniter.php(410): CodeIgniter\CodeIgniter->runController(Object(App\Controllers\Items))
#10 C:\xampp\htdocs\ci_onlineshooping\vendor\codeigniter4\framework\system\CodeIgniter.php(318): CodeIgniter\CodeIgniter->handleRequest(NULL, Object(Config\Cache), false)
#11 C:\xampp\htdocs\ci_onlineshooping\public\index.php(37): CodeIgniter\CodeIgniter->run()
#12 {main}
CRITICAL - 2021-12-29 03:26:17 --> Invalid file: items/index/.php
#0 C:\xampp\htdocs\ci_onlineshooping\vendor\codeigniter4\framework\system\View\View.php(198): CodeIgniter\Exceptions\FrameworkException::forInvalidFile('items/index/.ph...')
#1 C:\xampp\htdocs\ci_onlineshooping\vendor\codeigniter4\framework\system\View\View.php(432): CodeIgniter\View\View->render('items/index/', NULL, true)
#2 C:\xampp\htdocs\ci_onlineshooping\app\Views\layout.php(57): CodeIgniter\View\View->include('items/index/')
#3 C:\xampp\htdocs\ci_onlineshooping\vendor\codeigniter4\framework\system\View\View.php(214): include('C:\\xampp\\htdocs...')
#4 C:\xampp\htdocs\ci_onlineshooping\vendor\codeigniter4\framework\system\View\View.php(217): CodeIgniter\View\View->CodeIgniter\View\{closure}()
#5 C:\xampp\htdocs\ci_onlineshooping\vendor\codeigniter4\framework\system\View\View.php(230): CodeIgniter\View\View->render('layout', Array, true)
#6 C:\xampp\htdocs\ci_onlineshooping\vendor\codeigniter4\framework\system\Common.php(1097): CodeIgniter\View\View->render('items/create', Array, true)
#7 C:\xampp\htdocs\ci_onlineshooping\app\Controllers\Items.php(67): view('items/create')
#8 C:\xampp\htdocs\ci_onlineshooping\vendor\codeigniter4\framework\system\CodeIgniter.php(824): App\Controllers\Items->create()
#9 C:\xampp\htdocs\ci_onlineshooping\vendor\codeigniter4\framework\system\CodeIgniter.php(410): CodeIgniter\CodeIgniter->runController(Object(App\Controllers\Items))
#10 C:\xampp\htdocs\ci_onlineshooping\vendor\codeigniter4\framework\system\CodeIgniter.php(318): CodeIgniter\CodeIgniter->handleRequest(NULL, Object(Config\Cache), false)
#11 C:\xampp\htdocs\ci_onlineshooping\public\index.php(37): CodeIgniter\CodeIgniter->run()
#12 {main}
CRITICAL - 2021-12-29 03:26:24 --> Undefined variable $itemss
#0 C:\xampp\htdocs\ci_onlineshooping\app\Views\items\index.php(14): CodeIgniter\Debug\Exceptions->errorHandler(2, 'Undefined varia...', 'C:\\xampp\\htdocs...', 14)
#1 C:\xampp\htdocs\ci_onlineshooping\vendor\codeigniter4\framework\system\View\View.php(214): include('C:\\xampp\\htdocs...')
#2 C:\xampp\htdocs\ci_onlineshooping\vendor\codeigniter4\framework\system\View\View.php(217): CodeIgniter\View\View->CodeIgniter\View\{closure}()
#3 C:\xampp\htdocs\ci_onlineshooping\vendor\codeigniter4\framework\system\View\View.php(432): CodeIgniter\View\View->render('items/index', NULL, true)
#4 C:\xampp\htdocs\ci_onlineshooping\app\Views\layout.php(57): CodeIgniter\View\View->include('items/index')
#5 C:\xampp\htdocs\ci_onlineshooping\vendor\codeigniter4\framework\system\View\View.php(214): include('C:\\xampp\\htdocs...')
#6 C:\xampp\htdocs\ci_onlineshooping\vendor\codeigniter4\framework\system\View\View.php(217): CodeIgniter\View\View->CodeIgniter\View\{closure}()
#7 C:\xampp\htdocs\ci_onlineshooping\vendor\codeigniter4\framework\system\View\View.php(230): CodeIgniter\View\View->render('layout', Array, true)
#8 C:\xampp\htdocs\ci_onlineshooping\vendor\codeigniter4\framework\system\Common.php(1097): CodeIgniter\View\View->render('items/create', Array, true)
#9 C:\xampp\htdocs\ci_onlineshooping\app\Controllers\Items.php(67): view('items/create')
#10 C:\xampp\htdocs\ci_onlineshooping\vendor\codeigniter4\framework\system\CodeIgniter.php(824): App\Controllers\Items->create()
#11 C:\xampp\htdocs\ci_onlineshooping\vendor\codeigniter4\framework\system\CodeIgniter.php(410): CodeIgniter\CodeIgniter->runController(Object(App\Controllers\Items))
#12 C:\xampp\htdocs\ci_onlineshooping\vendor\codeigniter4\framework\system\CodeIgniter.php(318): CodeIgniter\CodeIgniter->handleRequest(NULL, Object(Config\Cache), false)
#13 C:\xampp\htdocs\ci_onlineshooping\public\index.php(37): CodeIgniter\CodeIgniter->run()
#14 {main}
CRITICAL - 2021-12-29 03:27:00 --> Undefined variable $items
#0 C:\xampp\htdocs\ci_onlineshooping\app\Views\items\index.php(14): CodeIgniter\Debug\Exceptions->errorHandler(2, 'Undefined varia...', 'C:\\xampp\\htdocs...', 14)
#1 C:\xampp\htdocs\ci_onlineshooping\vendor\codeigniter4\framework\system\View\View.php(214): include('C:\\xampp\\htdocs...')
#2 C:\xampp\htdocs\ci_onlineshooping\vendor\codeigniter4\framework\system\View\View.php(217): CodeIgniter\View\View->CodeIgniter\View\{closure}()
#3 C:\xampp\htdocs\ci_onlineshooping\vendor\codeigniter4\framework\system\View\View.php(432): CodeIgniter\View\View->render('items/index', NULL, true)
#4 C:\xampp\htdocs\ci_onlineshooping\app\Views\layout.php(57): CodeIgniter\View\View->include('items/index')
#5 C:\xampp\htdocs\ci_onlineshooping\vendor\codeigniter4\framework\system\View\View.php(214): include('C:\\xampp\\htdocs...')
#6 C:\xampp\htdocs\ci_onlineshooping\vendor\codeigniter4\framework\system\View\View.php(217): CodeIgniter\View\View->CodeIgniter\View\{closure}()
#7 C:\xampp\htdocs\ci_onlineshooping\vendor\codeigniter4\framework\system\View\View.php(230): CodeIgniter\View\View->render('layout', Array, true)
#8 C:\xampp\htdocs\ci_onlineshooping\vendor\codeigniter4\framework\system\Common.php(1097): CodeIgniter\View\View->render('items/create', Array, true)
#9 C:\xampp\htdocs\ci_onlineshooping\app\Controllers\Items.php(67): view('items/create')
#10 C:\xampp\htdocs\ci_onlineshooping\vendor\codeigniter4\framework\system\CodeIgniter.php(824): App\Controllers\Items->create()
#11 C:\xampp\htdocs\ci_onlineshooping\vendor\codeigniter4\framework\system\CodeIgniter.php(410): CodeIgniter\CodeIgniter->runController(Object(App\Controllers\Items))
#12 C:\xampp\htdocs\ci_onlineshooping\vendor\codeigniter4\framework\system\CodeIgniter.php(318): CodeIgniter\CodeIgniter->handleRequest(NULL, Object(Config\Cache), false)
#13 C:\xampp\htdocs\ci_onlineshooping\public\index.php(37): CodeIgniter\CodeIgniter->run()
#14 {main}
CRITICAL - 2021-12-29 03:27:08 --> Undefined variable $itemss
#0 C:\xampp\htdocs\ci_onlineshooping\app\Views\items\index.php(14): CodeIgniter\Debug\Exceptions->errorHandler(2, 'Undefined varia...', 'C:\\xampp\\htdocs...', 14)
#1 C:\xampp\htdocs\ci_onlineshooping\vendor\codeigniter4\framework\system\View\View.php(214): include('C:\\xampp\\htdocs...')
#2 C:\xampp\htdocs\ci_onlineshooping\vendor\codeigniter4\framework\system\View\View.php(217): CodeIgniter\View\View->CodeIgniter\View\{closure}()
#3 C:\xampp\htdocs\ci_onlineshooping\vendor\codeigniter4\framework\system\View\View.php(432): CodeIgniter\View\View->render('items/index', NULL, true)
#4 C:\xampp\htdocs\ci_onlineshooping\app\Views\layout.php(57): CodeIgniter\View\View->include('items/index')
#5 C:\xampp\htdocs\ci_onlineshooping\vendor\codeigniter4\framework\system\View\View.php(214): include('C:\\xampp\\htdocs...')
#6 C:\xampp\htdocs\ci_onlineshooping\vendor\codeigniter4\framework\system\View\View.php(217): CodeIgniter\View\View->CodeIgniter\View\{closure}()
#7 C:\xampp\htdocs\ci_onlineshooping\vendor\codeigniter4\framework\system\View\View.php(230): CodeIgniter\View\View->render('layout', Array, true)
#8 C:\xampp\htdocs\ci_onlineshooping\vendor\codeigniter4\framework\system\Common.php(1097): CodeIgniter\View\View->render('items/create', Array, true)
#9 C:\xampp\htdocs\ci_onlineshooping\app\Controllers\Items.php(67): view('items/create')
#10 C:\xampp\htdocs\ci_onlineshooping\vendor\codeigniter4\framework\system\CodeIgniter.php(824): App\Controllers\Items->create()
#11 C:\xampp\htdocs\ci_onlineshooping\vendor\codeigniter4\framework\system\CodeIgniter.php(410): CodeIgniter\CodeIgniter->runController(Object(App\Controllers\Items))
#12 C:\xampp\htdocs\ci_onlineshooping\vendor\codeigniter4\framework\system\CodeIgniter.php(318): CodeIgniter\CodeIgniter->handleRequest(NULL, Object(Config\Cache), false)
#13 C:\xampp\htdocs\ci_onlineshooping\public\index.php(37): CodeIgniter\CodeIgniter->run()
#14 {main}
CRITICAL - 2021-12-29 21:46:14 --> Attempt to read property "id" on null
#0 C:\xampp\htdocs\ci_onlineshooping\app\Views\etalase\buy.php(11): CodeIgniter\Debug\Exceptions->errorHandler(2, 'Attempt to read...', 'C:\\xampp\\htdocs...', 11)
#1 C:\xampp\htdocs\ci_onlineshooping\vendor\codeigniter4\framework\system\View\View.php(214): include('C:\\xampp\\htdocs...')
#2 C:\xampp\htdocs\ci_onlineshooping\vendor\codeigniter4\framework\system\View\View.php(217): CodeIgniter\View\View->CodeIgniter\View\{closure}()
#3 C:\xampp\htdocs\ci_onlineshooping\vendor\codeigniter4\framework\system\Common.php(1097): CodeIgniter\View\View->render('etalase/buy', Array, true)
#4 C:\xampp\htdocs\ci_onlineshooping\app\Controllers\Etalase.php(66): view('etalase/buy', Array)
#5 C:\xampp\htdocs\ci_onlineshooping\vendor\codeigniter4\framework\system\CodeIgniter.php(824): App\Controllers\Etalase->buy('bootstrap-4.5.3', 'site', 'docs', '4.5', 'assets', 'img', 'favicons', 'manifest.json')
#6 C:\xampp\htdocs\ci_onlineshooping\vendor\codeigniter4\framework\system\CodeIgniter.php(410): CodeIgniter\CodeIgniter->runController(Object(App\Controllers\Etalase))
#7 C:\xampp\htdocs\ci_onlineshooping\vendor\codeigniter4\framework\system\CodeIgniter.php(318): CodeIgniter\CodeIgniter->handleRequest(NULL, Object(Config\Cache), false)
#8 C:\xampp\htdocs\ci_onlineshooping\public\index.php(37): CodeIgniter\CodeIgniter->run()
#9 {main}
CRITICAL - 2021-12-29 22:03:13 --> Attempt to read property "id" on null
#0 C:\xampp\htdocs\ci_onlineshooping\app\Views\etalase\buy.php(11): CodeIgniter\Debug\Exceptions->errorHandler(2, 'Attempt to read...', 'C:\\xampp\\htdocs...', 11)
#1 C:\xampp\htdocs\ci_onlineshooping\vendor\codeigniter4\framework\system\View\View.php(214): include('C:\\xampp\\htdocs...')
#2 C:\xampp\htdocs\ci_onlineshooping\vendor\codeigniter4\framework\system\View\View.php(217): CodeIgniter\View\View->CodeIgniter\View\{closure}()
#3 C:\xampp\htdocs\ci_onlineshooping\vendor\codeigniter4\framework\system\Common.php(1097): CodeIgniter\View\View->render('etalase/buy', Array, true)
#4 C:\xampp\htdocs\ci_onlineshooping\app\Controllers\Etalase.php(66): view('etalase/buy', Array)
#5 C:\xampp\htdocs\ci_onlineshooping\vendor\codeigniter4\framework\system\CodeIgniter.php(824): App\Controllers\Etalase->buy()
#6 C:\xampp\htdocs\ci_onlineshooping\vendor\codeigniter4\framework\system\CodeIgniter.php(410): CodeIgniter\CodeIgniter->runController(Object(App\Controllers\Etalase))
#7 C:\xampp\htdocs\ci_onlineshooping\vendor\codeigniter4\framework\system\CodeIgniter.php(318): CodeIgniter\CodeIgniter->handleRequest(NULL, Object(Config\Cache), false)
#8 C:\xampp\htdocs\ci_onlineshooping\public\index.php(37): CodeIgniter\CodeIgniter->run()
#9 {main}
CRITICAL - 2021-12-29 22:03:37 --> Attempt to read property "id" on null
#0 C:\xampp\htdocs\ci_onlineshooping\app\Views\etalase\buy.php(8): CodeIgniter\Debug\Exceptions->errorHandler(2, 'Attempt to read...', 'C:\\xampp\\htdocs...', 8)
#1 C:\xampp\htdocs\ci_onlineshooping\vendor\codeigniter4\framework\system\View\View.php(214): include('C:\\xampp\\htdocs...')
#2 C:\xampp\htdocs\ci_onlineshooping\vendor\codeigniter4\framework\system\View\View.php(217): CodeIgniter\View\View->CodeIgniter\View\{closure}()
#3 C:\xampp\htdocs\ci_onlineshooping\vendor\codeigniter4\framework\system\Common.php(1097): CodeIgniter\View\View->render('etalase/buy', Array, true)
#4 C:\xampp\htdocs\ci_onlineshooping\app\Controllers\Etalase.php(66): view('etalase/buy', Array)
#5 C:\xampp\htdocs\ci_onlineshooping\vendor\codeigniter4\framework\system\CodeIgniter.php(824): App\Controllers\Etalase->buy()
#6 C:\xampp\htdocs\ci_onlineshooping\vendor\codeigniter4\framework\system\CodeIgniter.php(410): CodeIgniter\CodeIgniter->runController(Object(App\Controllers\Etalase))
#7 C:\xampp\htdocs\ci_onlineshooping\vendor\codeigniter4\framework\system\CodeIgniter.php(318): CodeIgniter\CodeIgniter->handleRequest(NULL, Object(Config\Cache), false)
#8 C:\xampp\htdocs\ci_onlineshooping\public\index.php(37): CodeIgniter\CodeIgniter->run()
#9 {main}
CRITICAL - 2021-12-29 22:27:26 --> Attempt to read property "id" on null
#0 C:\xampp\htdocs\ci_onlineshooping\app\Views\etalase\buy.php(8): CodeIgniter\Debug\Exceptions->errorHandler(2, 'Attempt to read...', 'C:\\xampp\\htdocs...', 8)
#1 C:\xampp\htdocs\ci_onlineshooping\vendor\codeigniter4\framework\system\View\View.php(214): include('C:\\xampp\\htdocs...')
#2 C:\xampp\htdocs\ci_onlineshooping\vendor\codeigniter4\framework\system\View\View.php(217): CodeIgniter\View\View->CodeIgniter\View\{closure}()
#3 C:\xampp\htdocs\ci_onlineshooping\vendor\codeigniter4\framework\system\Common.php(1097): CodeIgniter\View\View->render('etalase/buy', Array, true)
#4 C:\xampp\htdocs\ci_onlineshooping\app\Controllers\Etalase.php(66): view('etalase/buy', Array)
#5 C:\xampp\htdocs\ci_onlineshooping\vendor\codeigniter4\framework\system\CodeIgniter.php(824): App\Controllers\Etalase->buy()
#6 C:\xampp\htdocs\ci_onlineshooping\vendor\codeigniter4\framework\system\CodeIgniter.php(410): CodeIgniter\CodeIgniter->runController(Object(App\Controllers\Etalase))
#7 C:\xampp\htdocs\ci_onlineshooping\vendor\codeigniter4\framework\system\CodeIgniter.php(318): CodeIgniter\CodeIgniter->handleRequest(NULL, Object(Config\Cache), false)
#8 C:\xampp\htdocs\ci_onlineshooping\public\index.php(37): CodeIgniter\CodeIgniter->run()
#9 {main}
CRITICAL - 2021-12-29 23:02:55 --> Class "App\Entities\TransactionModel" not found
#0 C:\xampp\htdocs\ci_onlineshooping\vendor\codeigniter4\framework\system\CodeIgniter.php(824): App\Controllers\Etalase->buy()
#1 C:\xampp\htdocs\ci_onlineshooping\vendor\codeigniter4\framework\system\CodeIgniter.php(410): CodeIgniter\CodeIgniter->runController(Object(App\Controllers\Etalase))
#2 C:\xampp\htdocs\ci_onlineshooping\vendor\codeigniter4\framework\system\CodeIgniter.php(318): CodeIgniter\CodeIgniter->handleRequest(NULL, Object(Config\Cache), false)
#3 C:\xampp\htdocs\ci_onlineshooping\public\index.php(37): CodeIgniter\CodeIgniter->run()
#4 {main}
ERROR - 2021-12-29 23:03:38 --> Table 'finalex_onlineshp.items' doesn't exist
CRITICAL - 2021-12-29 23:03:38 --> Table 'finalex_onlineshp.items' doesn't exist
#0 C:\xampp\htdocs\ci_onlineshooping\vendor\codeigniter4\framework\system\Database\MySQLi\Connection.php(292): mysqli->query('SELECT *, `tran...', 0)
#1 C:\xampp\htdocs\ci_onlineshooping\vendor\codeigniter4\framework\system\Database\BaseConnection.php(670): CodeIgniter\Database\MySQLi\Connection->execute('SELECT *, `tran...')
#2 C:\xampp\htdocs\ci_onlineshooping\vendor\codeigniter4\framework\system\Database\BaseConnection.php(598): CodeIgniter\Database\BaseConnection->simpleQuery('SELECT *, `tran...')
#3 C:\xampp\htdocs\ci_onlineshooping\vendor\codeigniter4\framework\system\Database\BaseBuilder.php(1443): CodeIgniter\Database\BaseConnection->query('SELECT *, `tran...', Array, false)
#4 C:\xampp\htdocs\ci_onlineshooping\vendor\codeigniter4\framework\system\Model.php(210): CodeIgniter\Database\BaseBuilder->get()
#5 C:\xampp\htdocs\ci_onlineshooping\vendor\codeigniter4\framework\system\BaseModel.php(622): CodeIgniter\Model->doFirst()
#6 C:\xampp\htdocs\ci_onlineshooping\app\Controllers\Transaction.php(21): CodeIgniter\BaseModel->first()
#7 C:\xampp\htdocs\ci_onlineshooping\vendor\codeigniter4\framework\system\CodeIgniter.php(824): App\Controllers\Transaction->view('1')
#8 C:\xampp\htdocs\ci_onlineshooping\vendor\codeigniter4\framework\system\CodeIgniter.php(410): CodeIgniter\CodeIgniter->runController(Object(App\Controllers\Transaction))
#9 C:\xampp\htdocs\ci_onlineshooping\vendor\codeigniter4\framework\system\CodeIgniter.php(318): CodeIgniter\CodeIgniter->handleRequest(NULL, Object(Config\Cache), false)
#10 C:\xampp\htdocs\ci_onlineshooping\public\index.php(37): CodeIgniter\CodeIgniter->run()
#11 {main}
